0 info it worked if it ends with ok
1 verbose cli [ '/usr/local/bin/node', '/usr/local/bin/npm', 'run', 'scss' ]
2 info using npm@3.3.12
3 info using node@v5.4.0
4 verbose run-script [ 'prescss', 'scss', 'postscss' ]
5 info lifecycle webwide-hello@1.0.0~prescss: webwide-hello@1.0.0
6 silly lifecycle webwide-hello@1.0.0~prescss: no script for prescss, continuing
7 info lifecycle webwide-hello@1.0.0~scss: webwide-hello@1.0.0
8 verbose lifecycle webwide-hello@1.0.0~scss: unsafe-perm in lifecycle true
9 verbose lifecycle webwide-hello@1.0.0~scss: PATH: /usr/local/lib/node_modules/npm/bin/node-gyp-bin:/Users/Adam/Desktop/public/node_modules/.bin:/usr/local/bin:/usr/bin:/bin:/usr/sbin:/sbin:/opt/X11/bin
10 verbose lifecycle webwide-hello@1.0.0~scss: CWD: /Users/Adam/Desktop/public
11 silly lifecycle webwide-hello@1.0.0~scss: Args: [ '-c',
11 silly lifecycle   'node-sass --watch assets/scss/style.scss -o assets/css/' ]
12 silly lifecycle webwide-hello@1.0.0~scss: Returned: code: 1  signal: null
13 info lifecycle webwide-hello@1.0.0~scss: Failed to exec scss script
14 verbose stack Error: webwide-hello@1.0.0 scss: `node-sass --watch assets/scss/style.scss -o assets/css/`
14 verbose stack Exit status 1
14 verbose stack     at EventEmitter.<anonymous> (/usr/local/lib/node_modules/npm/lib/utils/lifecycle.js:232:16)
14 verbose stack     at emitTwo (events.js:87:13)
14 verbose stack     at EventEmitter.emit (events.js:172:7)
14 verbose stack     at ChildProcess.<anonymous> (/usr/local/lib/node_modules/npm/lib/utils/spawn.js:24:14)
14 verbose stack     at emitTwo (events.js:87:13)
14 verbose stack     at ChildProcess.emit (events.js:172:7)
14 verbose stack     at maybeClose (internal/child_process.js:821:16)
14 verbose stack     at Process.ChildProcess._handle.onexit (internal/child_process.js:211:5)
15 verbose pkgid webwide-hello@1.0.0
16 verbose cwd /Users/Adam/Desktop/public
17 error Darwin 18.5.0
18 error argv "/usr/local/bin/node" "/usr/local/bin/npm" "run" "scss"
19 error node v5.4.0
20 error npm  v3.3.12
21 error code ELIFECYCLE
22 error webwide-hello@1.0.0 scss: `node-sass --watch assets/scss/style.scss -o assets/css/`
22 error Exit status 1
23 error Failed at the webwide-hello@1.0.0 scss script 'node-sass --watch assets/scss/style.scss -o assets/css/'.
23 error Make sure you have the latest version of node.js and npm installed.
23 error If you do, this is most likely a problem with the webwide-hello package,
23 error not with npm itself.
23 error Tell the author that this fails on your system:
23 error     node-sass --watch assets/scss/style.scss -o assets/css/
23 error You can get their info via:
23 error     npm owner ls webwide-hello
23 error There is likely additional logging output above.
24 verbose exit [ 1, true ]
